<?xml version="1.0" encoding="UTF-8"?>
<testng-results ignored="0" total="2" passed="2" failed="0" skipped="0">
  <reporter-output>
  </reporter-output>
  <suite started-at="2022-04-05T12:02:57 IST" name="Suite" finished-at="2022-04-05T12:03:07 IST" duration-ms="10389">
    <groups>
    </groups>
    <test started-at="2022-04-05T12:02:57 IST" name="Test" finished-at="2022-04-05T12:03:07 IST" duration-ms="10389">
      <class name="com.example.demo.TestClass">
        <test-method signature="test1()[pri:0, instance:com.example.demo.TestClass@6babf3bf]" started-at="2022-04-05T12:02:57 IST" name="test1" finished-at="2022-04-05T12:03:07 IST" duration-ms="10288" status="PASS">
          <reporter-output>
          </reporter-output>
        </test-method> <!-- test1 -->
        <test-method signature="test2()[pri:0, instance:com.example.demo.TestClass@6babf3bf]" started-at="2022-04-05T12:03:07 IST" name="test2" finished-at="2022-04-05T12:03:07 IST" duration-ms="5" status="PASS">
          <reporter-output>
          </reporter-output>
        </test-method> <!-- test2 -->
      </class> <!-- com.example.demo.TestClass -->
    </test> <!-- Test -->
  </suite> <!-- Suite -->
</testng-results>
